<?xml version="1.0" encoding="UTF-8"?>
<testng-results ignored="0" total="1" passed="1" failed="0" skipped="0">
  <reporter-output>
    <line>
      <![CDATA[DB connectivity started]]>
    </line>
    <line>
      <![CDATA[pre-condition for test]]>
    </line>
    <line>
      <![CDATA[browser launch and enter url sucessfully]]>
    </line>
    <line>
      <![CDATA[login as user sucessfully perform]]>
    </line>
    <line>
      <![CDATA[logout as user sucessfully]]>
    </line>
    <line>
      <![CDATA[post-condition for test]]>
    </line>
    <line>
      <![CDATA[DB connectivity closed]]>
    </line>
  </reporter-output>
  <suite started-at="2025-08-14T17:50:42 IST" name="Default suite" finished-at="2025-08-14T17:50:52 IST" duration-ms="10499">
    <groups>
      <group name="regressionTest">
        <method signature="loginToHrm.login()[pri:0, instance:loginToHrm@57ad2aa7]" name="login" class="loginToHrm"/>
      </group> <!-- regressionTest -->
      <group name="smokeTest">
        <method signature="loginToHrm.login()[pri:0, instance:loginToHrm@57ad2aa7]" name="login" class="loginToHrm"/>
      </group> <!-- smokeTest -->
    </groups>
    <test started-at="2025-08-14T17:50:42 IST" name="Default test" finished-at="2025-08-14T17:50:52 IST" duration-ms="10499">
      <class name="loginToHrm">
        <test-method is-config="true" signature="configBS()[pri:0, instance:loginToHrm@57ad2aa7]" started-at="2025-08-14T17:50:42 IST" name="configBS" finished-at="2025-08-14T17:50:42 IST" duration-ms="23" status="PASS">
          <reporter-output>
            <line>
              <![CDATA[DB connectivity started]]>
            </line>
          </reporter-output>
        </test-method> <!-- configBS -->
        <test-method is-config="true" signature="ConfigBT()[pri:0, instance:loginToHrm@57ad2aa7]" started-at="2025-08-14T17:50:42 IST" name="ConfigBT" finished-at="2025-08-14T17:50:42 IST" duration-ms="1" status="PASS">
          <reporter-output>
            <line>
              <![CDATA[pre-condition for test]]>
            </line>
          </reporter-output>
        </test-method> <!-- ConfigBT -->
        <test-method is-config="true" signature="configBC()[pri:0, instance:loginToHrm@57ad2aa7]" started-at="2025-08-14T17:50:42 IST" name="configBC" finished-at="2025-08-14T17:50:49 IST" duration-ms="7673" status="PASS">
          <reporter-output>
            <line>
              <![CDATA[browser launch and enter url sucessfully]]>
            </line>
          </reporter-output>
        </test-method> <!-- configBC -->
        <test-method is-config="true" signature="configBM()[pri:0, instance:loginToHrm@57ad2aa7]" started-at="2025-08-14T17:50:49 IST" name="configBM" finished-at="2025-08-14T17:50:51 IST" duration-ms="1269" status="PASS">
          <reporter-output>
            <line>
              <![CDATA[login as user sucessfully perform]]>
            </line>
          </reporter-output>
        </test-method> <!-- configBM -->
        <test-method signature="login()[pri:0, instance:loginToHrm@57ad2aa7]" started-at="2025-08-14T17:50:51 IST" name="login" finished-at="2025-08-14T17:50:51 IST" duration-ms="34" status="PASS">
          <reporter-output>
          </reporter-output>
        </test-method> <!-- login -->
        <test-method is-config="true" signature="configAM()[pri:0, instance:loginToHrm@57ad2aa7]" started-at="2025-08-14T17:50:51 IST" name="configAM" finished-at="2025-08-14T17:50:51 IST" duration-ms="2" status="PASS">
          <reporter-output>
            <line>
              <![CDATA[logout as user sucessfully]]>
            </line>
          </reporter-output>
        </test-method> <!-- configAM -->
        <test-method is-config="true" signature="configAC()[pri:0, instance:loginToHrm@57ad2aa7]" started-at="2025-08-14T17:50:51 IST" name="configAC" finished-at="2025-08-14T17:50:52 IST" duration-ms="1444" status="PASS">
          <reporter-output>
          </reporter-output>
        </test-method> <!-- configAC -->
        <test-method is-config="true" signature="ConfigAT()[pri:0, instance:loginToHrm@57ad2aa7]" started-at="2025-08-14T17:50:52 IST" name="ConfigAT" finished-at="2025-08-14T17:50:52 IST" duration-ms="1" status="PASS">
          <reporter-output>
            <line>
              <![CDATA[post-condition for test]]>
            </line>
          </reporter-output>
        </test-method> <!-- ConfigAT -->
        <test-method is-config="true" signature="configAS()[pri:0, instance:loginToHrm@57ad2aa7]" started-at="2025-08-14T17:50:52 IST" name="configAS" finished-at="2025-08-14T17:50:52 IST" duration-ms="2" status="PASS">
          <reporter-output>
            <line>
              <![CDATA[DB connectivity closed]]>
            </line>
          </reporter-output>
        </test-method> <!-- configAS -->
      </class> <!-- loginToHrm -->
    </test> <!-- Default test -->
  </suite> <!-- Default suite -->
</testng-results>
